[13:15:40] [INFO] Aura v1.0 CI Build
[13:15:40] [INFO] Repository: C:\Users\danie\Documents\code\lang
[13:15:40] [INFO] Started: 2026-01-12 13:15:40
[13:15:40] [INFO] 
[13:15:40] [INFO] ======================================================================
[13:15:40] [INFO]   DOCS: Aggregating Markdown
[13:15:40] [INFO] ======================================================================
[13:15:54] [SUCCESS] ✓ Wrote dist-release\docs\ALL_MARKDOWN_INDEX.md
[13:15:54] [SUCCESS] ✓ Wrote dist-release\docs\UPDATES.md
[13:15:54] [SUCCESS] ✓ Wrote dist-release\docs\SUMMARY_INDEX.md
[13:15:54] [SUCCESS] ✓ Wrote dist-release\docs\SUMMARIES_OVERVIEW.md
[13:15:54] [SUCCESS] ✓ Aggregated 110 markdown files
[13:15:54] [INFO] 
[13:15:54] [INFO] ======================================================================
[13:15:54] [INFO]   BUILD SUMMARY
[13:15:54] [INFO] ======================================================================
[13:15:54] [INFO] Build completed in: 0m 13s
[13:15:54] [SUCCESS] All steps completed successfully!
[13:15:54] [INFO] Release package size: 36.2 MB
[13:15:54] [INFO] Location: C:\Users\danie\Documents\code\lang\dist-release